23.02.2022 11:42:40 : Дмитро 1560853266   Привет
23.02.2022 11:42:41 : Дмитро 1560853266   іавів
23.02.2022 11:42:41 : Дмитро 1560853266   фівіфв
23.02.2022 11:42:41 : Дмитро 1560853266   Привет
23.02.2022 11:42:41 : Дмитро 1560853266   фвыфв
23.02.2022 11:42:41 : Дмитро 1560853266   выфвыф
23.02.2022 11:42:41 : Дмитро 1560853266   фвфывыф
23.02.2022 11:42:41 : Дмитро 1560853266   фыыу
23.02.2022 11:42:41 : Дмитро 1560853266   jhk
23.02.2022 11:42:47 : Дмитро 1560853266   dsfds
23.02.2022 11:43:21 : Дмитро 1560853266   /start
23.02.2022 11:43:57 : Дмитро 1560853266   /start
23.02.2022 12:23:41 : Дмитро 1560853266   j
23.02.2022 12:28:41 : Дмитро 1560853266   asdsa
23.02.2022 12:29:47 : Дмитро 1560853266   dsad\
23.02.2022 12:33:49 : Дмитро 1560853266   sdad
23.02.2022 12:33:55 : Дмитро 1560853266   dasd
23.02.2022 12:34:06 : Дмитро 1560853266   adsa
23.02.2022 12:34:17 >> 1560853266 Дмитро Support : sadsa
23.02.2022 12:35:01 >> 1560853266 Дмитро Support : Ти лох
23.02.2022 12:44:04 : Дмитро 1560853266   фывыф
23.02.2022 12:44:16 : Дмитро 1560853266   Привет.Что делаешь?
23.02.2022 12:44:23 >> 1560853266 Дмитро Support : Бухаю
23.02.2022 12:44:34 >> 1560853266 Дмитро Support : авыа
23.02.2022 16:39:56 : Дмитро 1560853266   dsadas
23.02.2022 16:40:14 >> 1560853266 Дмитро Support : dsas
23.02.2022 17:06:59 : Дмитро 1560853266   ads
23.02.2022 17:07:07 : Дмитро 1560853266   adasd
23.02.2022 17:07:18 >> 1560853266 Дмитро Support : dasda
23.02.2022 17:11:42 : Дмитро 1560853266   dfdsf
23.02.2022 17:11:53 >> 1560853266 Дмитро Support : sdasd
23.02.2022 17:12:03 >> 1560853266 Дмитро Support : вася
23.02.2022 17:30:22 : Дмитро 1560853266   asdsa
23.02.2022 17:30:34 >> 1560853266 Дмитро Support : Привет
23.02.2022 17:30:46 >> 1560853266 Дмитро Support : Как дела?
23.02.2022 17:32:44 : Дмитро 1560853266   Киев столица
23.02.2022 17:32:50 >> 1560853266 Дмитро Support : Нет
23.02.2022 17:32:56 >> 1560853266 Дмитро Support : да
23.02.2022 17:32:58 >> 1560853266 Дмитро Support : іві
23.02.2022 17:33:00 >> 1560853266 Дмитро Support : івів
23.02.2022 17:33:01 >> 1560853266 Дмитро Support : вів
23.02.2022 17:33:19 >> 1560853266 Дмитро Support : Что
